<?xml version="1.0" encoding="UTF-8"?>
<!-- Generated by org.testng.reporters.JUnitXMLReporter -->
<testsuite ignored="0" hostname="LAPTOP-MO4E1E2H" failures="3" tests="4" name="Test" time="126.367" errors="0" timestamp="21 Mar 2019 20:36:58 GMT">
  <testcase classname="org.testing.testScripts.TC1" name="tc1" time="5.867">
    <failure type="java.io.FileNotFoundException" message="C:\first.png (Access is denied)">
      <![CDATA[java.io.FileNotFoundException: C:\first.png (Access is denied)
	at java.base/java.io.FileOutputStream.open0(Native Method)
	at java.base/java.io.FileOutputStream.open(FileOutputStream.java:298)
	at java.base/java.io.FileOutputStream.<init>(FileOutputStream.java:237)
	at java.base/java.io.FileOutputStream.<init>(FileOutputStream.java:187)
	at org.apache.commons.io.FileUtils.doCopyFile(FileUtils.java:670)
	at org.apache.commons.io.FileUtils.copyFile(FileUtils.java:652)
	at org.apache.commons.io.FileUtils.copyFile(FileUtils.java:606)
	at org.testing.utilities.Screenshot.take_screenshot(Screenshot.java:20)
	at org.testing.testScripts.TC1.tc1(TC1.java:33)
... Removed 25 stack frames]]>
    </failure>
  </testcase> <!-- tc1 -->
  <testcase classname="org.testing.testScripts.TC2" name="tc2" time="28.156">
    <failure type="java.io.FileNotFoundException" message="C:\second.png (Access is denied)">
      <![CDATA[java.io.FileNotFoundException: C:\second.png (Access is denied)
	at java.base/java.io.FileOutputStream.open0(Native Method)
	at java.base/java.io.FileOutputStream.open(FileOutputStream.java:298)
	at java.base/java.io.FileOutputStream.<init>(FileOutputStream.java:237)
	at java.base/java.io.FileOutputStream.<init>(FileOutputStream.java:187)
	at org.apache.commons.io.FileUtils.doCopyFile(FileUtils.java:670)
	at org.apache.commons.io.FileUtils.copyFile(FileUtils.java:652)
	at org.apache.commons.io.FileUtils.copyFile(FileUtils.java:606)
	at org.testing.utilities.Screenshot.take_screenshot(Screenshot.java:20)
	at org.testing.testScripts.TC2.tc2(TC2.java:32)
... Removed 25 stack frames]]>
    </failure>
  </testcase> <!-- tc2 -->
  <testcase classname="org.testing.testScripts.TC3" name="tc3" time="19.041"/>
  <testcase classname="org.testing.testScripts.TC4" name="tc4" time="29.174">
    <failure type="java.io.FileNotFoundException" message="C:\fourth.png (Access is denied)">
      <![CDATA[java.io.FileNotFoundException: C:\fourth.png (Access is denied)
	at java.base/java.io.FileOutputStream.open0(Native Method)
	at java.base/java.io.FileOutputStream.open(FileOutputStream.java:298)
	at java.base/java.io.FileOutputStream.<init>(FileOutputStream.java:237)
	at java.base/java.io.FileOutputStream.<init>(FileOutputStream.java:187)
	at org.apache.commons.io.FileUtils.doCopyFile(FileUtils.java:670)
	at org.apache.commons.io.FileUtils.copyFile(FileUtils.java:652)
	at org.apache.commons.io.FileUtils.copyFile(FileUtils.java:606)
	at org.testing.utilities.Screenshot.take_screenshot(Screenshot.java:20)
	at org.testing.testScripts.TC4.tc4(TC4.java:32)
... Removed 25 stack frames]]>
    </failure>
  </testcase> <!-- tc4 -->
</testsuite> <!-- Test -->
